~/L/M/3/D/C/C/C/c/CSC3050_P3 make
iverilog -o ALU alu.v test_alu.v;
vvp ALU;
Time:   0.
 Instruction: xxxxxxxxxxxxxxxxxxxxxxxxxxxxxxxx
 regA: xxxxxxxxxxxxxxxxxxxxxxxxxxxxxxxx, regB: xxxxxxxxxxxxxxxxxxxxxxxxxxxxxxxx
 result: xxxxxxxxxxxxxxxxxxxxxxxxxxxxxxxx, flags: xxx

add
--add--         2 =          1 +          1
Time:   1.
 Instruction: 00000000000000010000000000100000
 regA: 00000000000000000000000000000001, regB: 00000000000000000000000000000001
 result: 00000000000000000000000000000010, flags: 000

add with overflow-positive
--add--4294967294 = 2147483647 + 2147483647
overflow
Time:   2.
 Instruction: 00000000000000010000000000100000
 regA: 01111111111111111111111111111111, regB: 01111111111111111111111111111111
 result: 11111111111111111111111111111110, flags: 001

add with overflow-negative
--add--         0 = 2147483648 + 2147483648
overflow
Time:   3.
 Instruction: 00000000000000010000000000100000
 regA: 10000000000000000000000000000000, regB: 10000000000000000000000000000000
 result: 00000000000000000000000000000000, flags: 001

addi
--addi--     32768 =          1 + 32767
Time:   4.
 Instruction: 00100000001000000111111111111111
 regA: 01111111111111111111111111111111, regB: 00000000000000000000000000000001
 result: 00000000000000001000000000000000, flags: 000

addi with overflow
--addi--2147516414 = 2147483647 + 32767
Time:   5.
 Instruction: 00100000000000010111111111111111
 regA: 01111111111111111111111111111111, regB: 00000000000000000000000000000001
 result: 10000000000000000111111111111110, flags: 00x

addu
--addu--4294967295 =          1 + 4294967294
Time:   6.
 Instruction: 00000000000000010000000000100001
 regA: 00000000000000000000000000000001, regB: 11111111111111111111111111111110
 result: 11111111111111111111111111111111, flags: 000

addiu
--addiu--2147516414 = 2147483647 + 32767
Time:   7.
 Instruction: 00100100000000010111111111111111
 regA: 01111111111111111111111111111111, regB: 00000000000000000000000000000001
 result: 10000000000000000111111111111110, flags: 000

sub
--sub--         0 =          1 -          1
Time:   8.
 Instruction: 00000000000000010000000000100010
 regA: 00000000000000000000000000000001, regB: 00000000000000000000000000000001
 result: 00000000000000000000000000000000, flags: 000

sub with overflow-positive
--sub--4294967295 = 2147483647 - 2147483648
overflow
Time:   9.
 Instruction: 00000000000000010000000000100010
 regA: 01111111111111111111111111111111, regB: 10000000000000000000000000000000
 result: 11111111111111111111111111111111, flags: 001

sub with overflow-negative
--sub--         1 = 2147483648 - 2147483647
overflow
Time:  10.
 Instruction: 00000000000000010000000000100010
 regA: 10000000000000000000000000000000, regB: 01111111111111111111111111111111
 result: 00000000000000000000000000000001, flags: 001

subu
--subu--         1 = 2147483648 - 2147483647
Time:  11.
 Instruction: 00000000000000010000000000100011
 regA: 10000000000000000000000000000000, regB: 01111111111111111111111111111111
 result: 00000000000000000000000000000001, flags: 000

and
--and--       255 = 2147483647 &        255
Time:  12.
 Instruction: 00000000000000010000000000100100
 regA: 01111111111111111111111111111111, regB: 00000000000000000000000011111111
 result: 00000000000000000000000011111111, flags: 000

andi
--andi--       255 = 2147483647 &   255
Time:  13.
 Instruction: 00110000000000010000000011111111
 regA: 01111111111111111111111111111111, regB: 00000000000000000000000000000000
 result: 00000000000000000000000011111111, flags: 000

nor
--nor--2147483648 = ~(2147483647 |        255)
Time:  14.
 Instruction: 00000000000000010000000000100111
 regA: 01111111111111111111111111111111, regB: 00000000000000000000000011111111
 result: 10000000000000000000000000000000, flags: 000

or
--or--2147483647 = 2147483647 |        255
Time:  15.
 Instruction: 00000000000000010000000000100101
 regA: 01111111111111111111111111111111, regB: 00000000000000000000000011111111
 result: 01111111111111111111111111111111, flags: 000

ori
--ori--2147483647 = 2147483647 |   255
Time:  16.
 Instruction: 00110100000000010000000011111111
 regA: 01111111111111111111111111111111, regB: 11111111111111111111111111111110
 result: 01111111111111111111111111111111, flags: 000

xor
--xor--2147483392 = 2147483647 ^        255
Time:  17.
 Instruction: 00000000000000010000000000100110
 regA: 01111111111111111111111111111111, regB: 00000000000000000000000011111111
 result: 01111111111111111111111100000000, flags: 000

ori
--xori--2147483392 = 2147483647 ^   255
Time:  18.
 Instruction: 00111000000000010000000011111111
 regA: 01111111111111111111111111111111, regB: 11111111111111111111111111111110
 result: 01111111111111111111111100000000, flags: 000

beq on equal
--beq--         0 =     0
Time:  19.
 Instruction: 00010000000000010000000000000000
 regA: 00000000000000000000000000000001, regB: 00000000000000000000000000000001
 result: 00000000000000000000000000000000, flags: 100

beq on not equal
--beq--         1 =     0
Time:  20.
 Instruction: 00010000000000010000000000000000
 regA: 00000000000000000000000000000001, regB: 00000000000000000000000000000000
 result: 00000000000000000000000000000001, flags: 000

bne on equal
--bne--         0 =     0
Time:  21.
 Instruction: 00010100000000010000000000000000
 regA: 00000000000000000000000000000001, regB: 00000000000000000000000000000001
 result: 00000000000000000000000000000000, flags: 100

bne on not equal
--bne--         1 =     0
Time:  22.
 Instruction: 00010100000000010000000000000000
 regA: 00000000000000000000000000000001, regB: 00000000000000000000000000000000
 result: 00000000000000000000000000000001, flags: 000

slt on less
--slt--         1 = 4294967295 <          1
negative flag: 1

Time:  23.
 Instruction: 00000000000000010000000000101010
 regA: 11111111111111111111111111111111, regB: 00000000000000000000000000000001
 result: 00000000000000000000000000000001, flags: 010

slt on greater
--slt--         0 =          1 <          0
negative flag: 0

Time:  24.
 Instruction: 00000000000000010000000000101010
 regA: 00000000000000000000000000000001, regB: 00000000000000000000000000000000
 result: 00000000000000000000000000000000, flags: 000

slti on less
--slti--         1 = 4294967295 - 32767
negative flag: 0

Time:  25.
 Instruction: 00101000000000010111111111111111
 regA: 11111111111111111111111111111111, regB: 11111111111111111111111111111111
 result: 00000000000000000000000000000001, flags: 000

slti on greater
--slti--         0 = 2147483647 - 65535
negative flag: 0

Time:  26.
 Instruction: 00101000000000011111111111111111
 regA: 01111111111111111111111111111111, regB: 00000000000000000000000000000000
 result: 00000000000000000000000000000000, flags: 000

sltiu on less
--sltiu--         1 =          0 < 65535
negative flag: 1

Time:  27.
 Instruction: 00101100000000011111111111111111
 regA: 00000000000000000000000000000000, regB: 00000000000000000000000000000001
 result: 00000000000000000000000000000001, flags: 010

sltiu on greater
--sltiu--         0 = 4294967295 < 65535
negative flag: 0

Time:  28.
 Instruction: 00101100000000011111111111111111
 regA: 11111111111111111111111111111111, regB: 00000000000000000000000000000000
 result: 00000000000000000000000000000000, flags: 000

sltu on less
--sltu--         1 =          0 <          1
negative flag: 1

Time:  29.
 Instruction: 00000000000000010000000000101011
 regA: 00000000000000000000000000000000, regB: 00000000000000000000000000000001
 result: 00000000000000000000000000000001, flags: 010

sltu on greater
--sltu--         0 = 4294967295 <          0
negative flag: 0

Time:  30.
 Instruction: 00000000000000010000000000101011
 regA: 11111111111111111111111111111111, regB: 00000000000000000000000000000000
 result: 00000000000000000000000000000000, flags: 000

lw
--lw--         1 =          1 +     0
Time:  31.
 Instruction: 10001100000000010000000000000000
 regA: 00000000000000000000000000000001, regB: 00000000000000000000000000000000
 result: 00000000000000000000000000000001, flags: 000

sw
--sw--         1 =          1 +     0
Time:  32.
 Instruction: 10101100000000010000000000000000
 regA: 00000000000000000000000000000001, regB: 00000000000000000000000000000000
 result: 00000000000000000000000000000001, flags: 000

sll
--sll--4294967280 = 4294967295 <<  4
Time:  33.
 Instruction: 00000000000000010000000100000000
 regA: 00000000000000000000000000000000, regB: 11111111111111111111111111111111
 result: 11111111111111111111111111110000, flags: 000

sllv
--sllv--4294967280 = 4294967295 <<          4
Time:  34.
 Instruction: 00000000000000010000000100000100
 regA: 00000000000000000000000000000100, regB: 11111111111111111111111111111111
 result: 11111111111111111111111111110000, flags: 000

srl
--srl-- 268435455 = 4294967295 >>  4
Time:  35.
 Instruction: 00000000000000010000000100000010
 regA: 00000000000000000000000000000000, regB: 11111111111111111111111111111111
 result: 00001111111111111111111111111111, flags: 000

srlv
--srlv-- 268435455 = 4294967295 >>          4
Time:  36.
 Instruction: 00000000000000010000000100000110
 regA: 00000000000000000000000000000100, regB: 11111111111111111111111111111111
 result: 00001111111111111111111111111111, flags: 000

sra
--sra--4161798143 = 2164260863 >>>  4
Time:  37.
 Instruction: 00000000000000010000000100000011
 regA: 00000000000000000000000000000000, regB: 10000000111111111111111111111111
 result: 11111000000011111111111111111111, flags: 000

srav
--srav--4161798143 = 2164260863 >>>          4
Time:  38.
 Instruction: 00000000000000010000000100000111
 regA: 00000000000000000000000000000100, regB: 10000000111111111111111111111111
 result: 11111000000011111111111111111111, flags: 000

~/L/M/3/D/C/C/C/c/CSC3050_P3 