add
 Instruction: 00000000000000010000000000100000
 regA: 00000000000000000000000000000001, regB: 00000000000000000000000000000001
 result: 00000000000000000000000000000010, flags: 000

add with overflow-positive
 Instruction: 00000000000000010000000000100000
 regA: 01111111111111111111111111111111, regB: 01111111111111111111111111111111
 result: 11111111111111111111111111111110, flags: 001

add with overflow-negative
 Instruction: 00000000000000010000000000100000
 regA: 10000000000000000000000000000000, regB: 10000000000000000000000000000000
 result: 00000000000000000000000000000000, flags: 001

addi
 Instruction: 00100000001000000111111111111111
 regA: 01111111111111111111111111111111, regB: 00000000000000000000000000000001
 result: 00000000000000001000000000000000, flags: 000

addi with overflow
 Instruction: 00100000000000010111111111111111
 regA: 01111111111111111111111111111111, regB: 00000000000000000000000000000001
 result: 10000000000000000111111111111110, flags: 001

addu
 Instruction: 00000000000000010000000000100001
 regA: 00000000000000000000000000000001, regB: 11111111111111111111111111111110
 result: 11111111111111111111111111111111, flags: 000

addiu
 Instruction: 00100100000000010111111111111111
 regA: 01111111111111111111111111111111, regB: 00000000000000000000000000000001
 result: 10000000000000000111111111111110, flags: 000

sub
 Instruction: 00000000000000010000000000100010
 regA: 00000000000000000000000000000001, regB: 00000000000000000000000000000001
 result: 00000000000000000000000000000000, flags: 000

sub with overflow-positive
 Instruction: 00000000000000010000000000100010
 regA: 01111111111111111111111111111111, regB: 10000000000000000000000000000000
 result: 11111111111111111111111111111111, flags: 001

sub with overflow-negative
 Instruction: 00000000000000010000000000100010
 regA: 10000000000000000000000000000000, regB: 01111111111111111111111111111111
 result: 00000000000000000000000000000001, flags: 001

subu
 Instruction: 00000000000000010000000000100011
 regA: 10000000000000000000000000000000, regB: 01111111111111111111111111111111
 result: 00000000000000000000000000000001, flags: 000

and
 Instruction: 00000000000000010000000000100100
 regA: 01111111111111111111111111111111, regB: 00000000000000000000000011111111
 result: 00000000000000000000000011111111, flags: 000

andi
 Instruction: 00110000000000010000000011111111
 regA: 01111111111111111111111111111111, regB: 00000000000000000000000000000000
 result: 00000000000000000000000011111111, flags: 000

nor
 Instruction: 00000000000000010000000000100111
 regA: 01111111111111111111111111111111, regB: 00000000000000000000000011111111
 result: 10000000000000000000000000000000, flags: 000

or
 Instruction: 00000000000000010000000000100101
 regA: 01111111111111111111111111111111, regB: 00000000000000000000000011111111
 result: 01111111111111111111111111111111, flags: 000

ori
 Instruction: 00110100000000010000000011111111
 regA: 01111111111111111111111111111111, regB: 11111111111111111111111111111110
 result: 01111111111111111111111111111111, flags: 000

xor
 Instruction: 00000000000000010000000000100110
 regA: 01111111111111111111111111111111, regB: 00000000000000000000000011111111
 result: 01111111111111111111111100000000, flags: 000

ori
 Instruction: 00111000000000010000000011111111
 regA: 01111111111111111111111111111111, regB: 11111111111111111111111111111110
 result: 01111111111111111111111100000000, flags: 000

beq on equal
 Instruction: 00010000000000010000000000000000
 regA: 00000000000000000000000000000001, regB: 00000000000000000000000000000001
 result: 00000000000000000000000000000000, flags: 100

beq on not equal
 Instruction: 00010000000000010000000000000000
 regA: 00000000000000000000000000000001, regB: 00000000000000000000000000000000
 result: 00000000000000000000000000000001, flags: 000

bne on equal
 Instruction: 00010100000000010000000000000000
 regA: 00000000000000000000000000000001, regB: 00000000000000000000000000000001
 result: 00000000000000000000000000000000, flags: 100

bne on not equal
 Instruction: 00010100000000010000000000000000
 regA: 00000000000000000000000000000001, regB: 00000000000000000000000000000000
 result: 00000000000000000000000000000001, flags: 000

slt on less
 Instruction: 00000000000000010000000000101010
 regA: 11111111111111111111111111111111, regB: 00000000000000000000000000000001
 result: 00000000000000000000000000000001, flags: 010

slt on greater
 Instruction: 00000000000000010000000000101010
 regA: 00000000000000000000000000000001, regB: 00000000000000000000000000000000
 result: 00000000000000000000000000000000, flags: 000

slti on less
 Instruction: 00101000000000010111111111111111
 regA: 11111111111111111111111111111111, regB: 11111111111111111111111111111111
 result: 00000000000000000000000000000001, flags: 010

slti on greater
 Instruction: 00101000000000011111111111111111
 regA: 01111111111111111111111111111111, regB: 00000000000000000000000000000000
 result: 00000000000000000000000000000000, flags: 000

sltiu on less
 Instruction: 00101100000000011111111111111111
 regA: 00000000000000000000000000000000, regB: 00000000000000000000000000000001
 result: 00000000000000000000000000000001, flags: 010

sltiu on greater
 Instruction: 00101100000000011111111111111111
 regA: 11111111111111111111111111111111, regB: 00000000000000000000000000000000
 result: 00000000000000000000000000000000, flags: 000

sltu on less
 Instruction: 00000000000000010000000000101011
 regA: 00000000000000000000000000000000, regB: 00000000000000000000000000000001
 result: 00000000000000000000000000000001, flags: 010

sltu on greater
 Instruction: 00000000000000010000000000101011
 regA: 11111111111111111111111111111111, regB: 00000000000000000000000000000000
 result: 00000000000000000000000000000000, flags: 000

lw
 Instruction: 10001100000000010000000000000000
 regA: 00000000000000000000000000000001, regB: 00000000000000000000000000000000
 result: 00000000000000000000000000000001, flags: 000

sw
 Instruction: 10101100000000010000000000000000
 regA: 00000000000000000000000000000001, regB: 00000000000000000000000000000000
 result: 00000000000000000000000000000001, flags: 000

sll
 Instruction: 00000000000000010000000100000000
 regA: 00000000000000000000000000000000, regB: 11111111111111111111111111111111
 result: 11111111111111111111111111110000, flags: 000

sllv
 Instruction: 00000000000000010000000100000100
 regA: 00000000000000000000000000000100, regB: 11111111111111111111111111111111
 result: 11111111111111111111111111110000, flags: 000

srl
 Instruction: 00000000000000010000000100000010
 regA: 00000000000000000000000000000000, regB: 11111111111111111111111111111111
 result: 00001111111111111111111111111111, flags: 000

srlv
 Instruction: 00000000000000010000000100000110
 regA: 00000000000000000000000000000100, regB: 11111111111111111111111111111111
 result: 00001111111111111111111111111111, flags: 000

sra
 Instruction: 00000000000000010000000100000011
 regA: 00000000000000000000000000000000, regB: 10000000111111111111111111111111
 result: 11111000000011111111111111111111, flags: 000

srav
 Instruction: 00000000000000010000000100000111
 regA: 00000000000000000000000000000100, regB: 10000000111111111111111111111111
 result: 11111000000011111111111111111111, flags: 000